time="2026-06-09T22:28:19+07:00" level=warning msg="Found orphan containers ([postgres_odoo-base-15-01]) for this project. If you removed or renamed this service in your compose file, you can run this command with the --remove-orphans flag to clean it up."
 Container odoo_db  Running
2026-06-09 15:28:20,055 1 INFO ? odoo: Odoo version 15.0-20240924 
2026-06-09 15:28:20,055 1 INFO ? odoo: Using configuration file at /etc/odoo/odoo.conf 
2026-06-09 15:28:20,055 1 INFO ? odoo: addons paths: ['/usr/lib/python3/dist-packages/odoo/addons', '/var/lib/odoo/addons/15.0', '/mnt/extra-addons'] 
2026-06-09 15:28:20,055 1 INFO ? odoo: database: odoo@db:5432 
2026-06-09 15:28:20,182 1 INFO ? odoo.addons.base.models.ir_actions_report: Will use the Wkhtmltopdf binary at /usr/local/bin/wkhtmltopdf 
2026-06-09 15:28:20,312 1 INFO MaiLan odoo.modules.loading: loading 1 modules... 
2026-06-09 15:28:20,316 1 INFO MaiLan odoo.modules.loading: 1 modules loaded in 0.00s, 0 queries (+0 extra) 
2026-06-09 15:28:20,329 1 INFO MaiLan odoo.modules.loading: updating modules list 
2026-06-09 15:28:20,330 1 INFO MaiLan odoo.addons.base.models.ir_module: ALLOW access to module.update_list on [] to user __system__ #1 via n/a 
2026-06-09 15:28:20,521 1 WARNING MaiLan odoo.modules.module: Missing `license` key in manifest for 'quan_ly_van_ban', defaulting to LGPL-3 
2026-06-09 15:28:20,545 1 WARNING MaiLan odoo.modules.module: Missing `license` key in manifest for 'nhan_su', defaulting to LGPL-3 
2026-06-09 15:28:20,689 1 INFO MaiLan odoo.addons.base.models.ir_module: ALLOW access to module.button_upgrade on ['Chấm công và Tính lương', 'nhan_su'] to user __system__ #1 via n/a 
2026-06-09 15:28:20,689 1 INFO MaiLan odoo.addons.base.models.ir_module: ALLOW access to module.update_list on ['Chấm công và Tính lương', 'nhan_su'] to user __system__ #1 via n/a 
2026-06-09 15:28:20,816 1 WARNING MaiLan odoo.modules.module: Missing `license` key in manifest for 'quan_ly_van_ban', defaulting to LGPL-3 
2026-06-09 15:28:20,839 1 WARNING MaiLan odoo.modules.module: Missing `license` key in manifest for 'nhan_su', defaulting to LGPL-3 
2026-06-09 15:28:21,002 1 WARNING MaiLan odoo.modules.module: Missing `license` key in manifest for 'nhan_su', defaulting to LGPL-3 
2026-06-09 15:28:21,002 1 WARNING MaiLan odoo.modules.module: Missing `license` key in manifest for 'nhan_su', defaulting to LGPL-3 
2026-06-09 15:28:21,005 1 WARNING MaiLan odoo.modules.module: Missing `license` key in manifest for 'nhan_su', defaulting to LGPL-3 
2026-06-09 15:28:21,005 1 INFO MaiLan odoo.addons.base.models.ir_module: ALLOW access to module.button_install on [] to user __system__ #1 via n/a 
2026-06-09 15:28:21,035 1 WARNING MaiLan odoo.modules.module: Missing `license` key in manifest for 'nhan_su', defaulting to LGPL-3 
2026-06-09 15:28:21,037 1 INFO MaiLan odoo.modules.loading: loading 24 modules... 
2026-06-09 15:28:21,037 1 INFO MaiLan odoo.modules.loading: Loading module nhan_su (2/24) 
2026-06-09 15:28:21,058 1 WARNING MaiLan odoo.modules.module: Missing `license` key in manifest for 'nhan_su', defaulting to LGPL-3 
2026-06-09 15:28:21,076 1 INFO MaiLan odoo.modules.registry: module nhan_su: creating or updating database tables 
2026-06-09 15:28:21,143 1 INFO MaiLan odoo.modules.loading: loading nhan_su/security/ir.model.access.csv 
2026-06-09 15:28:21,157 1 INFO MaiLan odoo.modules.loading: loading nhan_su/views/chuc_vu.xml 
2026-06-09 15:28:21,186 1 INFO MaiLan odoo.modules.loading: loading nhan_su/views/don_vi.xml 
2026-06-09 15:28:21,194 1 INFO MaiLan odoo.modules.loading: loading nhan_su/views/nhan_vien.xml 
2026-06-09 15:28:21,204 1 INFO MaiLan odoo.modules.loading: loading nhan_su/views/lich_su_cong_tac.xml 
2026-06-09 15:28:21,211 1 INFO MaiLan odoo.modules.loading: loading nhan_su/views/chung_chi_bang_cap.xml 
2026-06-09 15:28:21,219 1 INFO MaiLan odoo.modules.loading: loading nhan_su/views/danh_sach_chung_chi_bang_cap.xml 
2026-06-09 15:28:21,227 1 INFO MaiLan odoo.modules.loading: loading nhan_su/views/menu.xml 
2026-06-09 15:28:21,244 1 INFO MaiLan odoo.addons.base.models.ir_translation: module nhan_su: no translation for language vi_VN 
2026-06-09 15:28:21,249 1 INFO MaiLan odoo.modules.loading: Module nhan_su loaded in 0.21s, 372 queries 
2026-06-09 15:28:21,262 1 INFO MaiLan odoo.modules.loading: Loading module cham_cong_tinh_luong (8/24) 
2026-06-09 15:28:21,298 1 INFO MaiLan odoo.modules.registry: module cham_cong_tinh_luong: creating or updating database tables 
2026-06-09 15:28:21,340 1 INFO MaiLan odoo.modules.loading: loading cham_cong_tinh_luong/security/security.xml 
2026-06-09 15:28:21,363 1 INFO MaiLan odoo.modules.loading: loading cham_cong_tinh_luong/security/ir.model.access.csv 
2026-06-09 15:28:21,391 1 INFO MaiLan odoo.modules.loading: loading cham_cong_tinh_luong/security/rules.xml 
2026-06-09 15:28:21,400 1 INFO MaiLan odoo.modules.loading: loading cham_cong_tinh_luong/views/cham_cong_view.xml 
2026-06-09 15:28:21,419 1 INFO MaiLan odoo.modules.loading: loading cham_cong_tinh_luong/views/cau_hinh_luong_view.xml 
2026-06-09 15:28:21,431 1 INFO MaiLan odoo.modules.loading: loading cham_cong_tinh_luong/views/canh_bao_cham_cong_view.xml 
2026-06-09 15:28:21,442 1 INFO MaiLan odoo.modules.loading: loading cham_cong_tinh_luong/views/dashboard_views.xml 
2026-06-09 15:28:21,446 1 WARNING MaiLan odoo.addons.base.models.ir_ui_view: A <i> with fa class (fa fa-users) must have title in its tag, parents, descendants or have text
View error context:
{'file': '/mnt/extra-addons/cham_cong_tinh_luong/views/dashboard_views.xml',
 'line': 25,
 'name': 'dashboard.cham.cong.luong.form',
 'view': ir.ui.view(495,),
 'view.model': 'dashboard_cham_cong_luong',
 'view.parent': ir.ui.view(),
 'xmlid': 'dashboard_cham_cong_luong_form_view'} 
2026-06-09 15:28:21,447 1 WARNING MaiLan odoo.addons.base.models.ir_ui_view: A <i> with fa class (fa fa-calendar-check-o) must have title in its tag, parents, descendants or have text
View error context:
{'file': '/mnt/extra-addons/cham_cong_tinh_luong/views/dashboard_views.xml',
 'line': 33,
 'name': 'dashboard.cham.cong.luong.form',
 'view': ir.ui.view(495,),
 'view.model': 'dashboard_cham_cong_luong',
 'view.parent': ir.ui.view(),
 'xmlid': 'dashboard_cham_cong_luong_form_view'} 
2026-06-09 15:28:21,447 1 WARNING MaiLan odoo.addons.base.models.ir_ui_view: A <i> with fa class (fa fa-line-chart) must have title in its tag, parents, descendants or have text
View error context:
{'file': '/mnt/extra-addons/cham_cong_tinh_luong/views/dashboard_views.xml',
 'line': 41,
 'name': 'dashboard.cham.cong.luong.form',
 'view': ir.ui.view(495,),
 'view.model': 'dashboard_cham_cong_luong',
 'view.parent': ir.ui.view(),
 'xmlid': 'dashboard_cham_cong_luong_form_view'} 
2026-06-09 15:28:21,447 1 WARNING MaiLan odoo.addons.base.models.ir_ui_view: A <i> with fa class (fa fa-clock-o) must have title in its tag, parents, descendants or have text
View error context:
{'file': '/mnt/extra-addons/cham_cong_tinh_luong/views/dashboard_views.xml',
 'line': 49,
 'name': 'dashboard.cham.cong.luong.form',
 'view': ir.ui.view(495,),
 'view.model': 'dashboard_cham_cong_luong',
 'view.parent': ir.ui.view(),
 'xmlid': 'dashboard_cham_cong_luong_form_view'} 
2026-06-09 15:28:21,447 1 WARNING MaiLan odoo.addons.base.models.ir_ui_view: A <i> with fa class (fa fa-plus-circle) must have title in its tag, parents, descendants or have text
View error context:
{'file': '/mnt/extra-addons/cham_cong_tinh_luong/views/dashboard_views.xml',
 'line': 57,
 'name': 'dashboard.cham.cong.luong.form',
 'view': ir.ui.view(495,),
 'view.model': 'dashboard_cham_cong_luong',
 'view.parent': ir.ui.view(),
 'xmlid': 'dashboard_cham_cong_luong_form_view'} 
2026-06-09 15:28:21,448 1 WARNING MaiLan odoo.addons.base.models.ir_ui_view: A <i> with fa class (fa fa-exclamation-circle) must have title in its tag, parents, descendants or have text
View error context:
{'file': '/mnt/extra-addons/cham_cong_tinh_luong/views/dashboard_views.xml',
 'line': 65,
 'name': 'dashboard.cham.cong.luong.form',
 'view': ir.ui.view(495,),
 'view.model': 'dashboard_cham_cong_luong',
 'view.parent': ir.ui.view(),
 'xmlid': 'dashboard_cham_cong_luong_form_view'} 
2026-06-09 15:28:21,448 1 WARNING MaiLan odoo.addons.base.models.ir_ui_view: A <i> with fa class (fa fa-bed) must have title in its tag, parents, descendants or have text
View error context:
{'file': '/mnt/extra-addons/cham_cong_tinh_luong/views/dashboard_views.xml',
 'line': 73,
 'name': 'dashboard.cham.cong.luong.form',
 'view': ir.ui.view(495,),
 'view.model': 'dashboard_cham_cong_luong',
 'view.parent': ir.ui.view(),
 'xmlid': 'dashboard_cham_cong_luong_form_view'} 
2026-06-09 15:28:21,448 1 WARNING MaiLan odoo.addons.base.models.ir_ui_view: A <i> with fa class (fa fa-money) must have title in its tag, parents, descendants or have text
View error context:
{'file': '/mnt/extra-addons/cham_cong_tinh_luong/views/dashboard_views.xml',
 'line': 81,
 'name': 'dashboard.cham.cong.luong.form',
 'view': ir.ui.view(495,),
 'view.model': 'dashboard_cham_cong_luong',
 'view.parent': ir.ui.view(),
 'xmlid': 'dashboard_cham_cong_luong_form_view'} 
2026-06-09 15:28:21,448 1 WARNING MaiLan odoo.addons.base.models.ir_ui_view: A <i> with fa class (fa fa-shield) must have title in its tag, parents, descendants or have text
View error context:
{'file': '/mnt/extra-addons/cham_cong_tinh_luong/views/dashboard_views.xml',
 'line': 89,
 'name': 'dashboard.cham.cong.luong.form',
 'view': ir.ui.view(495,),
 'view.model': 'dashboard_cham_cong_luong',
 'view.parent': ir.ui.view(),
 'xmlid': 'dashboard_cham_cong_luong_form_view'} 
2026-06-09 15:28:21,448 1 WARNING MaiLan odoo.addons.base.models.ir_ui_view: A <i> with fa class (fa fa-gift) must have title in its tag, parents, descendants or have text
View error context:
{'file': '/mnt/extra-addons/cham_cong_tinh_luong/views/dashboard_views.xml',
 'line': 97,
 'name': 'dashboard.cham.cong.luong.form',
 'view': ir.ui.view(495,),
 'view.model': 'dashboard_cham_cong_luong',
 'view.parent': ir.ui.view(),
 'xmlid': 'dashboard_cham_cong_luong_form_view'} 
2026-06-09 15:28:21,449 1 WARNING MaiLan odoo.addons.base.models.ir_ui_view: A <i> with fa class (fa fa-hourglass-half) must have title in its tag, parents, descendants or have text
View error context:
{'file': '/mnt/extra-addons/cham_cong_tinh_luong/views/dashboard_views.xml',
 'line': 105,
 'name': 'dashboard.cham.cong.luong.form',
 'view': ir.ui.view(495,),
 'view.model': 'dashboard_cham_cong_luong',
 'view.parent': ir.ui.view(),
 'xmlid': 'dashboard_cham_cong_luong_form_view'} 
2026-06-09 15:28:21,449 1 WARNING MaiLan odoo.addons.base.models.ir_ui_view: A <i> with fa class (fa fa-bell) must have title in its tag, parents, descendants or have text
View error context:
{'file': '/mnt/extra-addons/cham_cong_tinh_luong/views/dashboard_views.xml',
 'line': 113,
 'name': 'dashboard.cham.cong.luong.form',
 'view': ir.ui.view(495,),
 'view.model': 'dashboard_cham_cong_luong',
 'view.parent': ir.ui.view(),
 'xmlid': 'dashboard_cham_cong_luong_form_view'} 
2026-06-09 15:28:21,452 1 WARNING MaiLan odoo.addons.base.models.ir_ui_view: A <i> with fa class (fa fa-users) must have title in its tag, parents, descendants or have text
View error context:
{'file': '/mnt/extra-addons/cham_cong_tinh_luong/views/dashboard_views.xml',
 'line': 36,
 'name': 'dashboard.cham.cong.luong.kanban',
 'view': ir.ui.view(496,),
 'view.model': 'dashboard_cham_cong_luong',
 'view.parent': ir.ui.view(),
 'xmlid': 'dashboard_cham_cong_luong_kanban_view'} 
2026-06-09 15:28:21,452 1 WARNING MaiLan odoo.addons.base.models.ir_ui_view: A <i> with fa class (fa fa-calendar-check-o) must have title in its tag, parents, descendants or have text
View error context:
{'file': '/mnt/extra-addons/cham_cong_tinh_luong/views/dashboard_views.xml',
 'line': 43,
 'name': 'dashboard.cham.cong.luong.kanban',
 'view': ir.ui.view(496,),
 'view.model': 'dashboard_cham_cong_luong',
 'view.parent': ir.ui.view(),
 'xmlid': 'dashboard_cham_cong_luong_kanban_view'} 
2026-06-09 15:28:21,452 1 WARNING MaiLan odoo.addons.base.models.ir_ui_view: A <i> with fa class (fa fa-line-chart) must have title in its tag, parents, descendants or have text
View error context:
{'file': '/mnt/extra-addons/cham_cong_tinh_luong/views/dashboard_views.xml',
 'line': 50,
 'name': 'dashboard.cham.cong.luong.kanban',
 'view': ir.ui.view(496,),
 'view.model': 'dashboard_cham_cong_luong',
 'view.parent': ir.ui.view(),
 'xmlid': 'dashboard_cham_cong_luong_kanban_view'} 
2026-06-09 15:28:21,452 1 WARNING MaiLan odoo.addons.base.models.ir_ui_view: A <i> with fa class (fa fa-plus-circle) must have title in its tag, parents, descendants or have text
View error context:
{'file': '/mnt/extra-addons/cham_cong_tinh_luong/views/dashboard_views.xml',
 'line': 57,
 'name': 'dashboard.cham.cong.luong.kanban',
 'view': ir.ui.view(496,),
 'view.model': 'dashboard_cham_cong_luong',
 'view.parent': ir.ui.view(),
 'xmlid': 'dashboard_cham_cong_luong_kanban_view'} 
2026-06-09 15:28:21,453 1 WARNING MaiLan odoo.addons.base.models.ir_ui_view: A <i> with fa class (fa fa-hourglass-half) must have title in its tag, parents, descendants or have text
View error context:
{'file': '/mnt/extra-addons/cham_cong_tinh_luong/views/dashboard_views.xml',
 'line': 64,
 'name': 'dashboard.cham.cong.luong.kanban',
 'view': ir.ui.view(496,),
 'view.model': 'dashboard_cham_cong_luong',
 'view.parent': ir.ui.view(),
 'xmlid': 'dashboard_cham_cong_luong_kanban_view'} 
2026-06-09 15:28:21,453 1 WARNING MaiLan odoo.addons.base.models.ir_ui_view: A <i> with fa class (fa fa-clock-o) must have title in its tag, parents, descendants or have text
View error context:
{'file': '/mnt/extra-addons/cham_cong_tinh_luong/views/dashboard_views.xml',
 'line': 71,
 'name': 'dashboard.cham.cong.luong.kanban',
 'view': ir.ui.view(496,),
 'view.model': 'dashboard_cham_cong_luong',
 'view.parent': ir.ui.view(),
 'xmlid': 'dashboard_cham_cong_luong_kanban_view'} 
2026-06-09 15:28:21,453 1 WARNING MaiLan odoo.addons.base.models.ir_ui_view: A <i> with fa class (fa fa-bed) must have title in its tag, parents, descendants or have text
View error context:
{'file': '/mnt/extra-addons/cham_cong_tinh_luong/views/dashboard_views.xml',
 'line': 78,
 'name': 'dashboard.cham.cong.luong.kanban',
 'view': ir.ui.view(496,),
 'view.model': 'dashboard_cham_cong_luong',
 'view.parent': ir.ui.view(),
 'xmlid': 'dashboard_cham_cong_luong_kanban_view'} 
2026-06-09 15:28:21,453 1 WARNING MaiLan odoo.addons.base.models.ir_ui_view: A <i> with fa class (fa fa-money) must have title in its tag, parents, descendants or have text
View error context:
{'file': '/mnt/extra-addons/cham_cong_tinh_luong/views/dashboard_views.xml',
 'line': 85,
 'name': 'dashboard.cham.cong.luong.kanban',
 'view': ir.ui.view(496,),
 'view.model': 'dashboard_cham_cong_luong',
 'view.parent': ir.ui.view(),
 'xmlid': 'dashboard_cham_cong_luong_kanban_view'} 
2026-06-09 15:28:21,453 1 WARNING MaiLan odoo.addons.base.models.ir_ui_view: A <i> with fa class (fa fa-gift) must have title in its tag, parents, descendants or have text
View error context:
{'file': '/mnt/extra-addons/cham_cong_tinh_luong/views/dashboard_views.xml',
 'line': 92,
 'name': 'dashboard.cham.cong.luong.kanban',
 'view': ir.ui.view(496,),
 'view.model': 'dashboard_cham_cong_luong',
 'view.parent': ir.ui.view(),
 'xmlid': 'dashboard_cham_cong_luong_kanban_view'} 
2026-06-09 15:28:21,454 1 WARNING MaiLan odoo.addons.base.models.ir_ui_view: A <i> with fa class (fa fa-shield) must have title in its tag, parents, descendants or have text
View error context:
{'file': '/mnt/extra-addons/cham_cong_tinh_luong/views/dashboard_views.xml',
 'line': 99,
 'name': 'dashboard.cham.cong.luong.kanban',
 'view': ir.ui.view(496,),
 'view.model': 'dashboard_cham_cong_luong',
 'view.parent': ir.ui.view(),
 'xmlid': 'dashboard_cham_cong_luong_kanban_view'} 
2026-06-09 15:28:21,454 1 WARNING MaiLan odoo.addons.base.models.ir_ui_view: A <i> with fa class (fa fa-check-circle) must have title in its tag, parents, descendants or have text
View error context:
{'file': '/mnt/extra-addons/cham_cong_tinh_luong/views/dashboard_views.xml',
 'line': 106,
 'name': 'dashboard.cham.cong.luong.kanban',
 'view': ir.ui.view(496,),
 'view.model': 'dashboard_cham_cong_luong',
 'view.parent': ir.ui.view(),
 'xmlid': 'dashboard_cham_cong_luong_kanban_view'} 
2026-06-09 15:28:21,454 1 WARNING MaiLan odoo.addons.base.models.ir_ui_view: A <i> with fa class (fa fa-bell) must have title in its tag, parents, descendants or have text
View error context:
{'file': '/mnt/extra-addons/cham_cong_tinh_luong/views/dashboard_views.xml',
 'line': 113,
 'name': 'dashboard.cham.cong.luong.kanban',
 'view': ir.ui.view(496,),
 'view.model': 'dashboard_cham_cong_luong',
 'view.parent': ir.ui.view(),
 'xmlid': 'dashboard_cham_cong_luong_kanban_view'} 
2026-06-09 15:28:21,519 1 INFO MaiLan odoo.modules.loading: loading cham_cong_tinh_luong/views/nhan_vien_extend_view.xml 
2026-06-09 15:28:21,526 1 INFO MaiLan odoo.modules.loading: loading cham_cong_tinh_luong/wizards/phan_tich_cham_cong_wizard_view.xml 
2026-06-09 15:28:21,532 1 INFO MaiLan odoo.modules.loading: loading cham_cong_tinh_luong/wizards/xuat_bang_luong_wizard_view.xml 
2026-06-09 15:28:21,537 1 INFO MaiLan odoo.modules.loading: loading cham_cong_tinh_luong/wizards/import_cham_cong_wizard_view.xml 
2026-06-09 15:28:21,542 1 INFO MaiLan odoo.modules.loading: loading cham_cong_tinh_luong/report/bang_luong_report.xml 
2026-06-09 15:28:21,550 1 INFO MaiLan odoo.models.unlink: User #1 deleted ir.model.data records with IDs: [9241] 
2026-06-09 15:28:21,552 1 INFO MaiLan odoo.modules.loading: loading cham_cong_tinh_luong/views/bang_luong_view.xml 
2026-06-09 15:28:21,567 1 INFO MaiLan odoo.modules.loading: loading cham_cong_tinh_luong/views/menu.xml 
2026-06-09 15:28:21,612 1 INFO MaiLan odoo.addons.base.models.ir_translation: module cham_cong_tinh_luong: no translation for language vi_VN 
2026-06-09 15:28:21,620 1 INFO MaiLan odoo.modules.loading: Module cham_cong_tinh_luong loaded in 0.36s, 926 queries 
2026-06-09 15:28:21,690 1 INFO MaiLan odoo.modules.loading: 24 modules loaded in 0.65s, 1298 queries (+0 extra) 
2026-06-09 15:28:21,757 1 INFO MaiLan odoo.addons.base.models.ir_model: Deleting 283@ir.model.access (cham_cong_tinh_luong.access_canh_bao_cham_cong) 
2026-06-09 15:28:21,794 1 INFO MaiLan odoo.models.unlink: User #1 deleted ir.model.data records with IDs: [10051] 
2026-06-09 15:28:21,794 1 INFO MaiLan odoo.models.unlink: User #1 deleted ir.model.access records with IDs: [283] 
2026-06-09 15:28:21,794 1 INFO MaiLan odoo.addons.base.models.ir_model: Deleting 248@ir.model.access (cham_cong_tinh_luong.access_bang_luong) 
2026-06-09 15:28:21,797 1 INFO MaiLan odoo.models.unlink: User #1 deleted ir.model.data records with IDs: [8646] 
2026-06-09 15:28:21,797 1 INFO MaiLan odoo.models.unlink: User #1 deleted ir.model.access records with IDs: [248] 
2026-06-09 15:28:21,797 1 INFO MaiLan odoo.addons.base.models.ir_model: Deleting 247@ir.model.access (cham_cong_tinh_luong.access_cau_hinh_luong) 
2026-06-09 15:28:21,800 1 INFO MaiLan odoo.models.unlink: User #1 deleted ir.model.data records with IDs: [8645] 
2026-06-09 15:28:21,800 1 INFO MaiLan odoo.models.unlink: User #1 deleted ir.model.access records with IDs: [247] 
2026-06-09 15:28:21,801 1 INFO MaiLan odoo.addons.base.models.ir_model: Deleting 246@ir.model.access (cham_cong_tinh_luong.access_cham_cong) 
2026-06-09 15:28:21,803 1 INFO MaiLan odoo.models.unlink: User #1 deleted ir.model.data records with IDs: [8644] 
2026-06-09 15:28:21,803 1 INFO MaiLan odoo.models.unlink: User #1 deleted ir.model.access records with IDs: [246] 
2026-06-09 15:28:21,804 1 INFO MaiLan odoo.modules.registry: verifying fields for every extended model 
2026-06-09 15:28:21,899 1 INFO MaiLan odoo.modules.loading: Modules loaded. 
2026-06-09 15:28:21,901 1 INFO MaiLan odoo.modules.registry: Registry loaded in 1.600s 
2026-06-09 15:28:21,902 1 INFO MaiLan odoo.service.server: Initiating shutdown 
2026-06-09 15:28:21,902 1 INFO MaiLan odoo.service.server: Hit CTRL-C again or send a second signal to force the shutdown. 
2026-06-09 15:28:21,902 1 INFO MaiLan odoo.sql_db: ConnectionPool(used=0/count=0/max=64): Closed 1 connections  
