time="2026-06-10T20:06:32+07:00" level=warning msg="Found orphan containers ([postgres_odoo-base-15-01]) for this project. If you removed or renamed this service in your compose file, you can run this command with the --remove-orphans flag to clean it up."
 Container odoo_db  Running
2026-06-10 13:06:33,952 1 INFO ? odoo: Odoo version 15.0-20240924 
2026-06-10 13:06:33,952 1 INFO ? odoo: Using configuration file at /etc/odoo/odoo.conf 
2026-06-10 13:06:33,952 1 INFO ? odoo: addons paths: ['/usr/lib/python3/dist-packages/odoo/addons', '/var/lib/odoo/addons/15.0', '/mnt/extra-addons'] 
2026-06-10 13:06:33,952 1 INFO ? odoo: database: odoo@db:5432 
2026-06-10 13:06:34,118 1 INFO ? odoo.addons.base.models.ir_actions_report: Will use the Wkhtmltopdf binary at /usr/local/bin/wkhtmltopdf 
2026-06-10 13:06:34,253 1 INFO MaiLan odoo.modules.loading: loading 1 modules... 
2026-06-10 13:06:34,257 1 INFO MaiLan odoo.modules.loading: 1 modules loaded in 0.00s, 0 queries (+0 extra) 
2026-06-10 13:06:34,271 1 INFO MaiLan odoo.modules.loading: updating modules list 
2026-06-10 13:06:34,273 1 INFO MaiLan odoo.addons.base.models.ir_module: ALLOW access to module.update_list on [] to user __system__ #1 via n/a 
2026-06-10 13:06:34,446 1 WARNING MaiLan odoo.modules.module: Missing `license` key in manifest for 'quan_ly_van_ban', defaulting to LGPL-3 
2026-06-10 13:06:34,522 1 WARNING MaiLan odoo.modules.module: Missing `license` key in manifest for 'nhan_su', defaulting to LGPL-3 
2026-06-10 13:06:34,649 1 INFO MaiLan odoo.addons.base.models.ir_module: ALLOW access to module.button_upgrade on ['Chấm công và Tính lương'] to user __system__ #1 via n/a 
2026-06-10 13:06:34,649 1 INFO MaiLan odoo.addons.base.models.ir_module: ALLOW access to module.update_list on ['Chấm công và Tính lương'] to user __system__ #1 via n/a 
2026-06-10 13:06:34,758 1 WARNING MaiLan odoo.modules.module: Missing `license` key in manifest for 'quan_ly_van_ban', defaulting to LGPL-3 
2026-06-10 13:06:34,830 1 WARNING MaiLan odoo.modules.module: Missing `license` key in manifest for 'nhan_su', defaulting to LGPL-3 
2026-06-10 13:06:34,956 1 INFO MaiLan odoo.addons.base.models.ir_module: ALLOW access to module.button_install on [] to user __system__ #1 via n/a 
2026-06-10 13:06:35,000 1 WARNING MaiLan odoo.modules.module: Missing `license` key in manifest for 'nhan_su', defaulting to LGPL-3 
2026-06-10 13:06:35,004 1 INFO MaiLan odoo.modules.loading: loading 24 modules... 
2026-06-10 13:06:35,037 1 WARNING MaiLan odoo.modules.module: Missing `license` key in manifest for 'nhan_su', defaulting to LGPL-3 
2026-06-10 13:06:35,054 1 INFO MaiLan odoo.modules.loading: Loading module cham_cong_tinh_luong (11/24) 
2026-06-10 13:06:35,098 1 INFO MaiLan odoo.modules.registry: module cham_cong_tinh_luong: creating or updating database tables 
2026-06-10 13:06:35,193 1 INFO MaiLan odoo.modules.loading: loading cham_cong_tinh_luong/security/security.xml 
2026-06-10 13:06:35,248 1 INFO MaiLan odoo.modules.loading: loading cham_cong_tinh_luong/security/ir.model.access.csv 
2026-06-10 13:06:35,315 1 INFO MaiLan odoo.modules.loading: loading cham_cong_tinh_luong/security/rules.xml 
2026-06-10 13:06:35,354 1 INFO MaiLan odoo.modules.loading: loading cham_cong_tinh_luong/views/cham_cong_view.xml 
2026-06-10 13:06:35,389 1 INFO MaiLan odoo.modules.loading: loading cham_cong_tinh_luong/views/cau_hinh_luong_view.xml 
2026-06-10 13:06:35,405 1 INFO MaiLan odoo.modules.loading: loading cham_cong_tinh_luong/views/canh_bao_cham_cong_view.xml 
2026-06-10 13:06:35,419 1 INFO MaiLan odoo.modules.loading: loading cham_cong_tinh_luong/views/dashboard_views.xml 
2026-06-10 13:06:35,457 1 INFO MaiLan odoo.modules.loading: loading cham_cong_tinh_luong/views/nhan_vien_extend_view.xml 
2026-06-10 13:06:35,468 1 INFO MaiLan odoo.modules.loading: loading cham_cong_tinh_luong/wizards/phan_tich_cham_cong_wizard_view.xml 
2026-06-10 13:06:35,473 1 INFO MaiLan odoo.modules.loading: loading cham_cong_tinh_luong/wizards/xuat_bang_luong_wizard_view.xml 
2026-06-10 13:06:35,479 1 INFO MaiLan odoo.modules.loading: loading cham_cong_tinh_luong/wizards/import_cham_cong_wizard_view.xml 
2026-06-10 13:06:35,484 1 INFO MaiLan odoo.modules.loading: loading cham_cong_tinh_luong/report/bang_luong_report.xml 
2026-06-10 13:06:35,492 1 INFO MaiLan odoo.modules.loading: loading cham_cong_tinh_luong/views/bang_luong_view.xml 
2026-06-10 13:06:35,508 1 INFO MaiLan odoo.modules.loading: loading cham_cong_tinh_luong/views/menu.xml 
2026-06-10 13:06:35,557 1 INFO MaiLan odoo.addons.base.models.ir_translation: module cham_cong_tinh_luong: no translation for language vi_VN 
2026-06-10 13:06:35,566 1 INFO MaiLan odoo.modules.loading: Module cham_cong_tinh_luong loaded in 0.51s, 1044 queries 
2026-06-10 13:06:35,635 1 INFO MaiLan odoo.modules.loading: 24 modules loaded in 0.63s, 1044 queries (+0 extra) 
2026-06-10 13:06:35,702 1 INFO MaiLan odoo.modules.registry: verifying fields for every extended model 
2026-06-10 13:06:35,779 1 INFO MaiLan odoo.modules.loading: Modules loaded. 
2026-06-10 13:06:35,781 1 INFO MaiLan odoo.modules.registry: Registry loaded in 1.539s 
2026-06-10 13:06:35,781 1 INFO MaiLan odoo.service.server: Initiating shutdown 
2026-06-10 13:06:35,781 1 INFO MaiLan odoo.service.server: Hit CTRL-C again or send a second signal to force the shutdown. 
2026-06-10 13:06:35,782 1 INFO MaiLan odoo.sql_db: ConnectionPool(used=0/count=0/max=64): Closed 1 connections  
