time="2026-06-11T11:16:51+07:00" level=warning msg="Found orphan containers ([postgres_odoo-base-15-01]) for this project. If you removed or renamed this service in your compose file, you can run this command with the --remove-orphans flag to clean it up."
 Container odoo_db  Running
2026-06-11 04:16:53,567 1 INFO ? odoo: Odoo version 15.0-20240924 
2026-06-11 04:16:53,567 1 INFO ? odoo: Using configuration file at /etc/odoo/odoo.conf 
2026-06-11 04:16:53,567 1 INFO ? odoo: addons paths: ['/usr/lib/python3/dist-packages/odoo/addons', '/var/lib/odoo/addons/15.0', '/mnt/extra-addons'] 
2026-06-11 04:16:53,567 1 INFO ? odoo: database: odoo@db:5432 
2026-06-11 04:16:53,700 1 INFO ? odoo.addons.base.models.ir_actions_report: Will use the Wkhtmltopdf binary at /usr/local/bin/wkhtmltopdf 
2026-06-11 04:16:53,842 1 INFO MaiLan odoo.modules.loading: loading 1 modules... 
2026-06-11 04:16:53,846 1 INFO MaiLan odoo.modules.loading: 1 modules loaded in 0.00s, 0 queries (+0 extra) 
2026-06-11 04:16:53,862 1 INFO MaiLan odoo.modules.loading: updating modules list 
2026-06-11 04:16:53,864 1 INFO MaiLan odoo.addons.base.models.ir_module: ALLOW access to module.update_list on [] to user __system__ #1 via n/a 
2026-06-11 04:16:53,916 1 WARNING MaiLan odoo.modules.module: Missing `license` key in manifest for 'quan_ly_van_ban', defaulting to LGPL-3 
2026-06-11 04:16:54,115 1 WARNING MaiLan odoo.modules.module: Missing `license` key in manifest for 'nhan_su', defaulting to LGPL-3 
2026-06-11 04:16:54,199 1 INFO MaiLan odoo.addons.base.models.ir_module: ALLOW access to module.button_upgrade on ['Chấm công và Tính lương'] to user __system__ #1 via n/a 
2026-06-11 04:16:54,199 1 INFO MaiLan odoo.addons.base.models.ir_module: ALLOW access to module.update_list on ['Chấm công và Tính lương'] to user __system__ #1 via n/a 
2026-06-11 04:16:54,231 1 WARNING MaiLan odoo.modules.module: Missing `license` key in manifest for 'quan_ly_van_ban', defaulting to LGPL-3 
2026-06-11 04:16:54,427 1 WARNING MaiLan odoo.modules.module: Missing `license` key in manifest for 'nhan_su', defaulting to LGPL-3 
2026-06-11 04:16:54,507 1 INFO MaiLan odoo.addons.base.models.ir_module: ALLOW access to module.button_install on [] to user __system__ #1 via n/a 
2026-06-11 04:16:54,523 1 WARNING MaiLan odoo.modules.module: Missing `license` key in manifest for 'nhan_su', defaulting to LGPL-3 
2026-06-11 04:16:54,526 1 INFO MaiLan odoo.modules.loading: loading 24 modules... 
2026-06-11 04:16:54,547 1 WARNING MaiLan odoo.modules.module: Missing `license` key in manifest for 'nhan_su', defaulting to LGPL-3 
2026-06-11 04:16:54,559 1 INFO MaiLan odoo.modules.loading: Loading module cham_cong_tinh_luong (11/24) 
2026-06-11 04:16:54,604 1 INFO MaiLan odoo.modules.registry: module cham_cong_tinh_luong: creating or updating database tables 
2026-06-11 04:16:54,693 1 INFO MaiLan odoo.modules.loading: loading cham_cong_tinh_luong/security/security.xml 
2026-06-11 04:16:54,774 1 INFO MaiLan odoo.modules.loading: loading cham_cong_tinh_luong/security/ir.model.access.csv 
2026-06-11 04:16:54,854 1 INFO MaiLan odoo.modules.loading: loading cham_cong_tinh_luong/security/rules.xml 
2026-06-11 04:16:54,889 1 INFO MaiLan odoo.modules.loading: loading cham_cong_tinh_luong/views/cham_cong_view.xml 
2026-06-11 04:16:54,921 1 INFO MaiLan odoo.modules.loading: loading cham_cong_tinh_luong/views/cau_hinh_luong_view.xml 
2026-06-11 04:16:54,935 1 INFO MaiLan odoo.modules.loading: loading cham_cong_tinh_luong/views/canh_bao_cham_cong_view.xml 
2026-06-11 04:16:54,948 1 INFO MaiLan odoo.modules.loading: loading cham_cong_tinh_luong/views/dashboard_views.xml 
2026-06-11 04:16:55,058 1 INFO MaiLan odoo.modules.loading: loading cham_cong_tinh_luong/views/nhan_vien_extend_view.xml 
2026-06-11 04:16:55,070 1 INFO MaiLan odoo.modules.loading: loading cham_cong_tinh_luong/wizards/phan_tich_cham_cong_wizard_view.xml 
2026-06-11 04:16:55,077 1 INFO MaiLan odoo.modules.loading: loading cham_cong_tinh_luong/wizards/xuat_bang_luong_wizard_view.xml 
2026-06-11 04:16:55,083 1 INFO MaiLan odoo.modules.loading: loading cham_cong_tinh_luong/wizards/import_cham_cong_wizard_view.xml 
2026-06-11 04:16:55,092 1 INFO MaiLan odoo.modules.loading: loading cham_cong_tinh_luong/report/bang_luong_report.xml 
2026-06-11 04:16:55,111 1 INFO MaiLan odoo.modules.loading: loading cham_cong_tinh_luong/views/bang_luong_view.xml 
2026-06-11 04:16:55,176 1 INFO MaiLan odoo.models.unlink: User #1 deleted ir.actions.act_window.view records with IDs: [17, 18] 
2026-06-11 04:16:55,182 1 INFO MaiLan odoo.modules.loading: loading cham_cong_tinh_luong/views/menu.xml 
2026-06-11 04:16:55,246 1 INFO MaiLan odoo.addons.base.models.ir_translation: module cham_cong_tinh_luong: no translation for language vi_VN 
2026-06-11 04:16:55,255 1 INFO MaiLan odoo.modules.loading: Module cham_cong_tinh_luong loaded in 0.70s, 1091 queries 
2026-06-11 04:16:55,328 1 INFO MaiLan odoo.modules.loading: 24 modules loaded in 0.80s, 1091 queries (+0 extra) 
2026-06-11 04:16:55,401 1 INFO MaiLan odoo.modules.registry: verifying fields for every extended model 
2026-06-11 04:16:55,485 1 INFO MaiLan odoo.modules.loading: Modules loaded. 
2026-06-11 04:16:55,487 1 INFO MaiLan odoo.modules.registry: Registry loaded in 1.656s 
2026-06-11 04:16:55,488 1 INFO MaiLan odoo.service.server: Initiating shutdown 
2026-06-11 04:16:55,488 1 INFO MaiLan odoo.service.server: Hit CTRL-C again or send a second signal to force the shutdown. 
2026-06-11 04:16:55,488 1 INFO MaiLan odoo.sql_db: ConnectionPool(used=0/count=0/max=64): Closed 1 connections  
