time="2026-06-11T11:15:57+07:00" level=warning msg="Found orphan containers ([postgres_odoo-base-15-01]) for this project. If you removed or renamed this service in your compose file, you can run this command with the --remove-orphans flag to clean it up."
 Container odoo_db  Running
2026-06-11 04:15:58,933 1 INFO ? odoo: Odoo version 15.0-20240924 
2026-06-11 04:15:58,933 1 INFO ? odoo: Using configuration file at /etc/odoo/odoo.conf 
2026-06-11 04:15:58,933 1 INFO ? odoo: addons paths: ['/usr/lib/python3/dist-packages/odoo/addons', '/var/lib/odoo/addons/15.0', '/mnt/extra-addons'] 
2026-06-11 04:15:58,933 1 INFO ? odoo: database: odoo@db:5432 
2026-06-11 04:15:59,072 1 INFO ? odoo.addons.base.models.ir_actions_report: Will use the Wkhtmltopdf binary at /usr/local/bin/wkhtmltopdf 
2026-06-11 04:15:59,261 1 INFO MaiLan odoo.modules.loading: loading 1 modules... 
2026-06-11 04:15:59,266 1 INFO MaiLan odoo.modules.loading: 1 modules loaded in 0.00s, 0 queries (+0 extra) 
2026-06-11 04:15:59,281 1 INFO MaiLan odoo.modules.loading: updating modules list 
2026-06-11 04:15:59,282 1 INFO MaiLan odoo.addons.base.models.ir_module: ALLOW access to module.update_list on [] to user __system__ #1 via n/a 
2026-06-11 04:15:59,458 1 WARNING MaiLan odoo.modules.module: Missing `license` key in manifest for 'nhan_su', defaulting to LGPL-3 
2026-06-11 04:15:59,511 1 WARNING MaiLan odoo.modules.module: Missing `license` key in manifest for 'quan_ly_van_ban', defaulting to LGPL-3 
2026-06-11 04:15:59,652 1 INFO MaiLan odoo.addons.base.models.ir_module: ALLOW access to module.button_upgrade on ['Chấm công và Tính lương'] to user __system__ #1 via n/a 
2026-06-11 04:15:59,652 1 INFO MaiLan odoo.addons.base.models.ir_module: ALLOW access to module.update_list on ['Chấm công và Tính lương'] to user __system__ #1 via n/a 
2026-06-11 04:15:59,777 1 WARNING MaiLan odoo.modules.module: Missing `license` key in manifest for 'nhan_su', defaulting to LGPL-3 
2026-06-11 04:15:59,840 1 WARNING MaiLan odoo.modules.module: Missing `license` key in manifest for 'quan_ly_van_ban', defaulting to LGPL-3 
2026-06-11 04:15:59,989 1 INFO MaiLan odoo.addons.base.models.ir_module: ALLOW access to module.button_install on [] to user __system__ #1 via n/a 
2026-06-11 04:16:00,006 1 WARNING MaiLan odoo.modules.module: Missing `license` key in manifest for 'nhan_su', defaulting to LGPL-3 
2026-06-11 04:16:00,009 1 INFO MaiLan odoo.modules.loading: loading 24 modules... 
2026-06-11 04:16:00,034 1 WARNING MaiLan odoo.modules.module: Missing `license` key in manifest for 'nhan_su', defaulting to LGPL-3 
2026-06-11 04:16:00,059 1 INFO MaiLan odoo.modules.loading: Loading module cham_cong_tinh_luong (11/24) 
2026-06-11 04:16:00,102 1 INFO MaiLan odoo.modules.registry: module cham_cong_tinh_luong: creating or updating database tables 
2026-06-11 04:16:00,194 1 INFO MaiLan odoo.modules.loading: loading cham_cong_tinh_luong/security/security.xml 
2026-06-11 04:16:00,275 1 INFO MaiLan odoo.modules.loading: loading cham_cong_tinh_luong/security/ir.model.access.csv 
2026-06-11 04:16:00,336 1 INFO MaiLan odoo.modules.loading: loading cham_cong_tinh_luong/security/rules.xml 
2026-06-11 04:16:00,371 1 INFO MaiLan odoo.modules.loading: loading cham_cong_tinh_luong/views/cham_cong_view.xml 
2026-06-11 04:16:00,400 1 INFO MaiLan odoo.modules.loading: loading cham_cong_tinh_luong/views/cau_hinh_luong_view.xml 
2026-06-11 04:16:00,414 1 INFO MaiLan odoo.modules.loading: loading cham_cong_tinh_luong/views/canh_bao_cham_cong_view.xml 
2026-06-11 04:16:00,427 1 INFO MaiLan odoo.modules.loading: loading cham_cong_tinh_luong/views/dashboard_views.xml 
2026-06-11 04:16:00,455 1 INFO MaiLan odoo.modules.loading: loading cham_cong_tinh_luong/views/nhan_vien_extend_view.xml 
2026-06-11 04:16:00,467 1 INFO MaiLan odoo.modules.loading: loading cham_cong_tinh_luong/wizards/phan_tich_cham_cong_wizard_view.xml 
2026-06-11 04:16:00,473 1 INFO MaiLan odoo.modules.loading: loading cham_cong_tinh_luong/wizards/xuat_bang_luong_wizard_view.xml 
2026-06-11 04:16:00,478 1 INFO MaiLan odoo.modules.loading: loading cham_cong_tinh_luong/wizards/import_cham_cong_wizard_view.xml 
2026-06-11 04:16:00,483 1 INFO MaiLan odoo.modules.loading: loading cham_cong_tinh_luong/report/bang_luong_report.xml 
2026-06-11 04:16:00,493 1 INFO MaiLan odoo.modules.loading: loading cham_cong_tinh_luong/views/bang_luong_view.xml 
2026-06-11 04:16:00,541 1 ERROR MaiLan odoo.sql_db: bad query: INSERT INTO "ir_act_window_view" ("id", "act_window_id", "create_date", "create_uid", "sequence", "view_id", "view_mode", "write_date", "write_uid") VALUES (nextval('ir_act_window_view_id_seq'), 216, '2026-06-11 04:15:59.260079', 1, 1, 501, 'tree', '2026-06-11 04:15:59.260079', 1) RETURNING id
ERROR: duplicate key value violates unique constraint "act_window_view_unique_mode_per_action"
DETAIL:  Key (act_window_id, view_mode)=(216, tree) already exists.
 
2026-06-11 04:16:00,543 1 WARNING MaiLan odoo.modules.loading: Transient module states were reset 
2026-06-11 04:16:00,543 1 ERROR MaiLan odoo.modules.registry: Failed to load registry 
Traceback (most recent call last):
  File "/usr/lib/python3/dist-packages/odoo/tools/convert.py", line 683, in _tag_root
    f(rec)
  File "/usr/lib/python3/dist-packages/odoo/tools/convert.py", line 586, in _tag_record
    record = model._load_records([data], self.mode == 'update')
  File "/usr/lib/python3/dist-packages/odoo/models.py", line 4431, in _load_records
    data['record']._load_records_write(data['values'])
  File "/usr/lib/python3/dist-packages/odoo/models.py", line 4355, in _load_records_write
    self.write(values)
  File "/usr/lib/python3/dist-packages/odoo/addons/base/models/ir_actions.py", line 55, in write
    res = super(IrActions, self).write(vals)
  File "/usr/lib/python3/dist-packages/odoo/models.py", line 3883, in write
    field.write(self, value)
  File "/usr/lib/python3/dist-packages/odoo/fields.py", line 3304, in write
    return self.write_batch([(records, value)])
  File "/usr/lib/python3/dist-packages/odoo/fields.py", line 3325, in write_batch
    return self.write_real(records_commands_list, create)
  File "/usr/lib/python3/dist-packages/odoo/fields.py", line 3509, in write_real
    flush()
  File "/usr/lib/python3/dist-packages/odoo/fields.py", line 3471, in flush
    comodel.create(to_create)
  File "<decorator-gen-67>", line 2, in create
  File "/usr/lib/python3/dist-packages/odoo/api.py", line 418, in _model_create_multi
    return create(self, arg)
  File "/usr/lib/python3/dist-packages/odoo/addons/base/models/ir_fields.py", line 613, in create
    recs = super().create(vals_list)
  File "<decorator-gen-15>", line 2, in create
  File "/usr/lib/python3/dist-packages/odoo/api.py", line 418, in _model_create_multi
    return create(self, arg)
  File "/usr/lib/python3/dist-packages/odoo/models.py", line 4095, in create
    records = self._create(data_list)
  File "/usr/lib/python3/dist-packages/odoo/models.py", line 4193, in _create
    cr.execute(query, params)
  File "<decorator-gen-5>", line 2, in execute
  File "/usr/lib/python3/dist-packages/odoo/sql_db.py", line 90, in check
    return f(self, *args, **kwargs)
  File "/usr/lib/python3/dist-packages/odoo/sql_db.py", line 311, in execute
    res = self._obj.execute(query, params)
psycopg2.errors.UniqueViolation: duplicate key value violates unique constraint "act_window_view_unique_mode_per_action"
DETAIL:  Key (act_window_id, view_mode)=(216, tree) already exists.


The above exception was the direct cause of the following exception:

Traceback (most recent call last):
  File "/usr/lib/python3/dist-packages/odoo/modules/registry.py", line 88, in new
    odoo.modules.load_modules(registry, force_demo, status, update_module)
  File "/usr/lib/python3/dist-packages/odoo/modules/loading.py", line 470, in load_modules
    processed_modules += load_marked_modules(cr, graph,
  File "/usr/lib/python3/dist-packages/odoo/modules/loading.py", line 363, in load_marked_modules
    loaded, processed = load_module_graph(
  File "/usr/lib/python3/dist-packages/odoo/modules/loading.py", line 222, in load_module_graph
    load_data(cr, idref, mode, kind='data', package=package)
  File "/usr/lib/python3/dist-packages/odoo/modules/loading.py", line 69, in load_data
    tools.convert_file(cr, package.name, filename, idref, mode, noupdate, kind)
  File "/usr/lib/python3/dist-packages/odoo/tools/convert.py", line 748, in convert_file
    convert_xml_import(cr, module, fp, idref, mode, noupdate)
  File "/usr/lib/python3/dist-packages/odoo/tools/convert.py", line 814, in convert_xml_import
    obj.parse(doc.getroot())
  File "/usr/lib/python3/dist-packages/odoo/tools/convert.py", line 734, in parse
    self._tag_root(de)
  File "/usr/lib/python3/dist-packages/odoo/tools/convert.py", line 683, in _tag_root
    f(rec)
  File "/usr/lib/python3/dist-packages/odoo/tools/convert.py", line 696, in _tag_root
    raise ParseError('while parsing %s:%s, somewhere inside\n%s' % (
odoo.tools.convert.ParseError: while parsing /mnt/extra-addons/cham_cong_tinh_luong/views/bang_luong_view.xml:285, somewhere inside
<record id="action_bang_luong_cua_toi" model="ir.actions.act_window">
            <field name="name">Bảng lương của tôi</field>
            <field name="res_model">bang_luong</field>
            <field name="view_mode">tree,form</field>
            <field name="search_view_id" ref="view_bang_luong_search"/>
            <field name="domain">[('nhan_vien_id.user_id', '=', uid)]</field>
            <field name="context">{'search_default_filter_month': 1}</field>
            <field name="view_ids" eval="[                 (0, 0, {'sequence': 1, 'view_mode': 'tree', 'view_id': ref('view_bang_luong_cua_toi_tree')}),                 (0, 0, {'sequence': 2, 'view_mode': 'form', 'view_id': ref('view_bang_luong_cua_toi_form')}),             ]"/>
        </record>
2026-06-11 04:16:00,552 1 CRITICAL MaiLan odoo.service.server: Failed to initialize database `MaiLan`. 
Traceback (most recent call last):
  File "/usr/lib/python3/dist-packages/odoo/tools/convert.py", line 683, in _tag_root
    f(rec)
  File "/usr/lib/python3/dist-packages/odoo/tools/convert.py", line 586, in _tag_record
    record = model._load_records([data], self.mode == 'update')
  File "/usr/lib/python3/dist-packages/odoo/models.py", line 4431, in _load_records
    data['record']._load_records_write(data['values'])
  File "/usr/lib/python3/dist-packages/odoo/models.py", line 4355, in _load_records_write
    self.write(values)
  File "/usr/lib/python3/dist-packages/odoo/addons/base/models/ir_actions.py", line 55, in write
    res = super(IrActions, self).write(vals)
  File "/usr/lib/python3/dist-packages/odoo/models.py", line 3883, in write
    field.write(self, value)
  File "/usr/lib/python3/dist-packages/odoo/fields.py", line 3304, in write
    return self.write_batch([(records, value)])
  File "/usr/lib/python3/dist-packages/odoo/fields.py", line 3325, in write_batch
    return self.write_real(records_commands_list, create)
  File "/usr/lib/python3/dist-packages/odoo/fields.py", line 3509, in write_real
    flush()
  File "/usr/lib/python3/dist-packages/odoo/fields.py", line 3471, in flush
    comodel.create(to_create)
  File "<decorator-gen-67>", line 2, in create
  File "/usr/lib/python3/dist-packages/odoo/api.py", line 418, in _model_create_multi
    return create(self, arg)
  File "/usr/lib/python3/dist-packages/odoo/addons/base/models/ir_fields.py", line 613, in create
    recs = super().create(vals_list)
  File "<decorator-gen-15>", line 2, in create
  File "/usr/lib/python3/dist-packages/odoo/api.py", line 418, in _model_create_multi
    return create(self, arg)
  File "/usr/lib/python3/dist-packages/odoo/models.py", line 4095, in create
    records = self._create(data_list)
  File "/usr/lib/python3/dist-packages/odoo/models.py", line 4193, in _create
    cr.execute(query, params)
  File "<decorator-gen-5>", line 2, in execute
  File "/usr/lib/python3/dist-packages/odoo/sql_db.py", line 90, in check
    return f(self, *args, **kwargs)
  File "/usr/lib/python3/dist-packages/odoo/sql_db.py", line 311, in execute
    res = self._obj.execute(query, params)
psycopg2.errors.UniqueViolation: duplicate key value violates unique constraint "act_window_view_unique_mode_per_action"
DETAIL:  Key (act_window_id, view_mode)=(216, tree) already exists.


The above exception was the direct cause of the following exception:

Traceback (most recent call last):
  File "/usr/lib/python3/dist-packages/odoo/service/server.py", line 1260, in preload_registries
    registry = Registry.new(dbname, update_module=update_module)
  File "/usr/lib/python3/dist-packages/odoo/modules/registry.py", line 88, in new
    odoo.modules.load_modules(registry, force_demo, status, update_module)
  File "/usr/lib/python3/dist-packages/odoo/modules/loading.py", line 470, in load_modules
    processed_modules += load_marked_modules(cr, graph,
  File "/usr/lib/python3/dist-packages/odoo/modules/loading.py", line 363, in load_marked_modules
    loaded, processed = load_module_graph(
  File "/usr/lib/python3/dist-packages/odoo/modules/loading.py", line 222, in load_module_graph
    load_data(cr, idref, mode, kind='data', package=package)
  File "/usr/lib/python3/dist-packages/odoo/modules/loading.py", line 69, in load_data
    tools.convert_file(cr, package.name, filename, idref, mode, noupdate, kind)
  File "/usr/lib/python3/dist-packages/odoo/tools/convert.py", line 748, in convert_file
    convert_xml_import(cr, module, fp, idref, mode, noupdate)
  File "/usr/lib/python3/dist-packages/odoo/tools/convert.py", line 814, in convert_xml_import
    obj.parse(doc.getroot())
  File "/usr/lib/python3/dist-packages/odoo/tools/convert.py", line 734, in parse
    self._tag_root(de)
  File "/usr/lib/python3/dist-packages/odoo/tools/convert.py", line 683, in _tag_root
    f(rec)
  File "/usr/lib/python3/dist-packages/odoo/tools/convert.py", line 696, in _tag_root
    raise ParseError('while parsing %s:%s, somewhere inside\n%s' % (
odoo.tools.convert.ParseError: while parsing /mnt/extra-addons/cham_cong_tinh_luong/views/bang_luong_view.xml:285, somewhere inside
<record id="action_bang_luong_cua_toi" model="ir.actions.act_window">
            <field name="name">Bảng lương của tôi</field>
            <field name="res_model">bang_luong</field>
            <field name="view_mode">tree,form</field>
            <field name="search_view_id" ref="view_bang_luong_search"/>
            <field name="domain">[('nhan_vien_id.user_id', '=', uid)]</field>
            <field name="context">{'search_default_filter_month': 1}</field>
            <field name="view_ids" eval="[                 (0, 0, {'sequence': 1, 'view_mode': 'tree', 'view_id': ref('view_bang_luong_cua_toi_tree')}),                 (0, 0, {'sequence': 2, 'view_mode': 'form', 'view_id': ref('view_bang_luong_cua_toi_form')}),             ]"/>
        </record>
2026-06-11 04:16:00,553 1 INFO MaiLan odoo.service.server: Initiating shutdown 
2026-06-11 04:16:00,554 1 INFO MaiLan odoo.service.server: Hit CTRL-C again or send a second signal to force the shutdown. 
2026-06-11 04:16:00,554 1 INFO MaiLan odoo.sql_db: ConnectionPool(used=0/count=0/max=64): Closed 1 connections  

