time="2026-06-10T20:35:20+07:00" level=warning msg="Found orphan containers ([postgres_odoo-base-15-01]) for this project. If you removed or renamed this service in your compose file, you can run this command with the --remove-orphans flag to clean it up."
 Container odoo_db  Running
2026-06-10 13:35:22,213 1 INFO ? odoo: Odoo version 15.0-20240924 
2026-06-10 13:35:22,214 1 INFO ? odoo: Using configuration file at /etc/odoo/odoo.conf 
2026-06-10 13:35:22,214 1 INFO ? odoo: addons paths: ['/usr/lib/python3/dist-packages/odoo/addons', '/var/lib/odoo/addons/15.0', '/mnt/extra-addons'] 
2026-06-10 13:35:22,214 1 INFO ? odoo: database: odoo@db:5432 
2026-06-10 13:35:22,332 1 INFO ? odoo.addons.base.models.ir_actions_report: Will use the Wkhtmltopdf binary at /usr/local/bin/wkhtmltopdf 
2026-06-10 13:35:22,458 1 INFO MaiLan odoo.modules.loading: loading 1 modules... 
2026-06-10 13:35:22,463 1 INFO MaiLan odoo.modules.loading: 1 modules loaded in 0.00s, 0 queries (+0 extra) 
2026-06-10 13:35:22,475 1 INFO MaiLan odoo.modules.loading: updating modules list 
2026-06-10 13:35:22,477 1 INFO MaiLan odoo.addons.base.models.ir_module: ALLOW access to module.update_list on [] to user __system__ #1 via n/a 
2026-06-10 13:35:22,615 1 WARNING MaiLan odoo.modules.module: Missing `license` key in manifest for 'quan_ly_van_ban', defaulting to LGPL-3 
2026-06-10 13:35:22,667 1 WARNING MaiLan odoo.modules.module: Missing `license` key in manifest for 'nhan_su', defaulting to LGPL-3 
2026-06-10 13:35:22,861 1 INFO MaiLan odoo.addons.base.models.ir_module: ALLOW access to module.button_upgrade on ['Chấm công và Tính lương'] to user __system__ #1 via n/a 
2026-06-10 13:35:22,861 1 INFO MaiLan odoo.addons.base.models.ir_module: ALLOW access to module.update_list on ['Chấm công và Tính lương'] to user __system__ #1 via n/a 
2026-06-10 13:35:22,939 1 WARNING MaiLan odoo.modules.module: Missing `license` key in manifest for 'quan_ly_van_ban', defaulting to LGPL-3 
2026-06-10 13:35:22,977 1 WARNING MaiLan odoo.modules.module: Missing `license` key in manifest for 'nhan_su', defaulting to LGPL-3 
2026-06-10 13:35:23,164 1 INFO MaiLan odoo.addons.base.models.ir_module: ALLOW access to module.button_install on [] to user __system__ #1 via n/a 
2026-06-10 13:35:23,177 1 WARNING MaiLan odoo.modules.module: Missing `license` key in manifest for 'nhan_su', defaulting to LGPL-3 
2026-06-10 13:35:23,180 1 INFO MaiLan odoo.modules.loading: loading 24 modules... 
2026-06-10 13:35:23,199 1 WARNING MaiLan odoo.modules.module: Missing `license` key in manifest for 'nhan_su', defaulting to LGPL-3 
2026-06-10 13:35:23,210 1 INFO MaiLan odoo.modules.loading: Loading module cham_cong_tinh_luong (11/24) 
2026-06-10 13:35:23,246 1 INFO MaiLan odoo.modules.registry: module cham_cong_tinh_luong: creating or updating database tables 
2026-06-10 13:35:23,325 1 INFO MaiLan odoo.modules.loading: loading cham_cong_tinh_luong/security/security.xml 
2026-06-10 13:35:23,375 1 INFO MaiLan odoo.modules.loading: loading cham_cong_tinh_luong/security/ir.model.access.csv 
2026-06-10 13:35:23,433 1 INFO MaiLan odoo.modules.loading: loading cham_cong_tinh_luong/security/rules.xml 
2026-06-10 13:35:23,466 1 INFO MaiLan odoo.modules.loading: loading cham_cong_tinh_luong/views/cham_cong_view.xml 
2026-06-10 13:35:23,494 1 INFO MaiLan odoo.modules.loading: loading cham_cong_tinh_luong/views/cau_hinh_luong_view.xml 
2026-06-10 13:35:23,506 1 INFO MaiLan odoo.modules.loading: loading cham_cong_tinh_luong/views/canh_bao_cham_cong_view.xml 
2026-06-10 13:35:23,516 1 INFO MaiLan odoo.modules.loading: loading cham_cong_tinh_luong/views/dashboard_views.xml 
2026-06-10 13:35:23,544 1 INFO MaiLan odoo.modules.loading: loading cham_cong_tinh_luong/views/nhan_vien_extend_view.xml 
2026-06-10 13:35:23,551 1 INFO MaiLan odoo.modules.loading: loading cham_cong_tinh_luong/wizards/phan_tich_cham_cong_wizard_view.xml 
2026-06-10 13:35:23,556 1 INFO MaiLan odoo.modules.loading: loading cham_cong_tinh_luong/wizards/xuat_bang_luong_wizard_view.xml 
2026-06-10 13:35:23,561 1 INFO MaiLan odoo.modules.loading: loading cham_cong_tinh_luong/wizards/import_cham_cong_wizard_view.xml 
2026-06-10 13:35:23,565 1 INFO MaiLan odoo.modules.loading: loading cham_cong_tinh_luong/report/bang_luong_report.xml 
2026-06-10 13:35:23,572 1 INFO MaiLan odoo.modules.loading: loading cham_cong_tinh_luong/views/bang_luong_view.xml 
2026-06-10 13:35:23,586 1 INFO MaiLan odoo.modules.loading: loading cham_cong_tinh_luong/views/menu.xml 
2026-06-10 13:35:23,630 1 INFO MaiLan odoo.addons.base.models.ir_translation: module cham_cong_tinh_luong: no translation for language vi_VN 
2026-06-10 13:35:23,639 1 INFO MaiLan odoo.modules.loading: Module cham_cong_tinh_luong loaded in 0.43s, 1037 queries 
2026-06-10 13:35:23,698 1 INFO MaiLan odoo.modules.loading: 24 modules loaded in 0.52s, 1037 queries (+0 extra) 
2026-06-10 13:35:23,761 1 INFO MaiLan odoo.modules.registry: verifying fields for every extended model 
2026-06-10 13:35:23,828 1 INFO MaiLan odoo.modules.loading: Modules loaded. 
2026-06-10 13:35:23,830 1 INFO MaiLan odoo.modules.registry: Registry loaded in 1.382s 
2026-06-10 13:35:23,830 1 INFO MaiLan odoo.service.server: Initiating shutdown 
2026-06-10 13:35:23,831 1 INFO MaiLan odoo.service.server: Hit CTRL-C again or send a second signal to force the shutdown. 
2026-06-10 13:35:23,831 1 INFO MaiLan odoo.sql_db: ConnectionPool(used=0/count=0/max=64): Closed 1 connections  
